<?xml version="1.0" encoding="UTF-8"?>
<!-- Generated by org.testng.reporters.JUnitReportReporter -->
<testsuite hostname="DESKTOP-INIG19A" failures="0" tests="2" name="com.capstone.AadharRegister" time="13.614" errors="0" timestamp="2022-10-20T17:12:48 IST" skipped="0">
  <testcase classname="com.capstone.AadharRegister" name="TestHome" time="9.410"/>
  <system-out/>
  <testcase classname="com.capstone.AadharRegister" name="ChromeBrowser" time="4.204"/>
  <system-out/>
</testsuite> <!-- com.capstone.AadharRegister -->
