<?xml version="1.0" encoding="UTF-8"?>
<!-- Generated by org.testng.reporters.JUnitReportReporter -->
<testsuite hostname="DESKTOP-INIG19A" failures="0" tests="2" name="com.capstone.AadharCitizen" time="15.170" errors="0" timestamp="2022-10-20T17:14:00 IST" skipped="0">
  <testcase classname="com.capstone.AadharCitizen" name="CitizenCheck" time="11.956"/>
  <system-out/>
  <testcase classname="com.capstone.AadharCitizen" name="ChromeBrowser" time="3.214"/>
  <system-out/>
</testsuite> <!-- com.capstone.AadharCitizen -->
